<?xml version="1.0" encoding="UTF-8"?>
<testsuite name="AppTest" tests="1" skipped="0" failures="0" errors="0" timestamp="2025-06-10T05:05:26" hostname="shruthi-VirtualBox" time="0.003">
  <properties/>
  <testcase name="testAppHasAGreeting" classname="AppTest" time="0.003"/>
  <system-out><![CDATA[]]></system-out>
  <system-err><![CDATA[]]></system-err>
</testsuite>
